Cloning into 'apache-commons-exec'...
[rawhide 2fc31dd] Rebuilt for java-17-openjdk as system jdk
 1 file changed, 4 insertions(+), 1 deletion(-)
Building apache-commons-exec-1.3-21.fc36 for f36-java17
Created task: 82423302
Task info: https://koji.fedoraproject.org/koji/taskinfo?taskID=82423302
Watching tasks (this may be safely interrupted)...
82423302 build (f36-java17, /rpms/apache-commons-exec.git:2fc31dd8bf76f6932069e8468d2b289222b568fe): free
82423302 build (f36-java17, /rpms/apache-commons-exec.git:2fc31dd8bf76f6932069e8468d2b289222b568fe): free -> open (buildvm-x86-31.iad2.fedoraproject.org)
  82423305 buildSRPMFromSCM (/rpms/apache-commons-exec.git:2fc31dd8bf76f6932069e8468d2b289222b568fe): open (buildvm-ppc64le-38.iad2.fedoraproject.org)
  82423325 buildArch (apache-commons-exec-1.3-21.fc36.src.rpm, noarch): open (buildvm-ppc64le-33.iad2.fedoraproject.org)
  82423305 buildSRPMFromSCM (/rpms/apache-commons-exec.git:2fc31dd8bf76f6932069e8468d2b289222b568fe): open (buildvm-ppc64le-38.iad2.fedoraproject.org) -> closed
  0 free  2 open  1 done  0 failed
  82423325 buildArch (apache-commons-exec-1.3-21.fc36.src.rpm, noarch): open (buildvm-ppc64le-33.iad2.fedoraproject.org) -> FAILED: BuildError: error building package (arch noarch), mock exited with status 1; see build.log or root.log for more information
  Relevant logs:
  https://kojipkgs.fedoraproject.org/work/tasks/3325/82423325/mock_output.log
  https://kojipkgs.fedoraproject.org/work/tasks/3325/82423325/hw_info.log
  https://kojipkgs.fedoraproject.org/work/tasks/3325/82423325/state.log
  https://kojipkgs.fedoraproject.org/work/tasks/3325/82423325/build.log
  https://kojipkgs.fedoraproject.org/work/tasks/3325/82423325/root.log
  0 free  1 open  1 done  1 failed
82423302 build (f36-java17, /rpms/apache-commons-exec.git:2fc31dd8bf76f6932069e8468d2b289222b568fe): open (buildvm-x86-31.iad2.fedoraproject.org) -> FAILED: BuildError: error building package (arch noarch), mock exited with status 1; see build.log or root.log for more information
  0 free  0 open  1 done  2 failed

82423302 build (f36-java17, /rpms/apache-commons-exec.git:2fc31dd8bf76f6932069e8468d2b289222b568fe) failed
