Cloning into 'automake'...
[rawhide b864287] Rebuilt for java-17-openjdk as system jdk
 1 file changed, 4 insertions(+), 1 deletion(-)
Building automake-1.16.5-3.fc36 for f36-java17
Created task: 82423694
Task info: https://koji.fedoraproject.org/koji/taskinfo?taskID=82423694
Watching tasks (this may be safely interrupted)...
82423694 build (f36-java17, /rpms/automake.git:b864287c707a7be03e0d75c285c27c408865edf5): free
82423694 build (f36-java17, /rpms/automake.git:b864287c707a7be03e0d75c285c27c408865edf5): free -> open (buildvm-x86-16.iad2.fedoraproject.org)
  82423708 buildSRPMFromSCM (/rpms/automake.git:b864287c707a7be03e0d75c285c27c408865edf5): free
  82423708 buildSRPMFromSCM (/rpms/automake.git:b864287c707a7be03e0d75c285c27c408865edf5): free -> open (buildvm-ppc64le-14.iad2.fedoraproject.org)
  82423708 buildSRPMFromSCM (/rpms/automake.git:b864287c707a7be03e0d75c285c27c408865edf5): open (buildvm-ppc64le-14.iad2.fedoraproject.org) -> closed
  0 free  1 open  1 done  0 failed
  82423918 buildArch (automake-1.16.5-3.fc36.src.rpm, noarch): free
  82423918 buildArch (automake-1.16.5-3.fc36.src.rpm, noarch): free -> open (buildvm-s390x-03.s390.fedoraproject.org)
  82423918 buildArch (automake-1.16.5-3.fc36.src.rpm, noarch): open (buildvm-s390x-03.s390.fedoraproject.org) -> FAILED: BuildError: error building package (arch noarch), mock exited with status 1; see build.log or root.log for more information
  Relevant logs:
  https://kojipkgs.fedoraproject.org/work/tasks/3918/82423918/mock_output.log
  https://kojipkgs.fedoraproject.org/work/tasks/3918/82423918/hw_info.log
  https://kojipkgs.fedoraproject.org/work/tasks/3918/82423918/state.log
  https://kojipkgs.fedoraproject.org/work/tasks/3918/82423918/build.log
  https://kojipkgs.fedoraproject.org/work/tasks/3918/82423918/root.log
  0 free  1 open  1 done  1 failed
82423694 build (f36-java17, /rpms/automake.git:b864287c707a7be03e0d75c285c27c408865edf5): open (buildvm-x86-16.iad2.fedoraproject.org) -> FAILED: BuildError: error building package (arch noarch), mock exited with status 1; see build.log or root.log for more information
  0 free  0 open  1 done  2 failed

82423694 build (f36-java17, /rpms/automake.git:b864287c707a7be03e0d75c285c27c408865edf5) failed
