Cloning into 'classloader-leak-test-framework'...
[rawhide e7f928c] Rebuilt for java-17-openjdk as system jdk
 1 file changed, 4 insertions(+), 1 deletion(-)
Building classloader-leak-test-framework-1.1.1-18.fc36 for f36-java17
Created task: 82424360
Task info: https://koji.fedoraproject.org/koji/taskinfo?taskID=82424360
Watching tasks (this may be safely interrupted)...
82424360 build (f36-java17, /rpms/classloader-leak-test-framework.git:e7f928c74cc8a3eb8e77b50f2b62e74a66c4659a): free
82424360 build (f36-java17, /rpms/classloader-leak-test-framework.git:e7f928c74cc8a3eb8e77b50f2b62e74a66c4659a): free -> open (buildvm-x86-11.iad2.fedoraproject.org)
  82424361 buildSRPMFromSCM (/rpms/classloader-leak-test-framework.git:e7f928c74cc8a3eb8e77b50f2b62e74a66c4659a): open (buildvm-ppc64le-31.iad2.fedoraproject.org)
  82424361 buildSRPMFromSCM (/rpms/classloader-leak-test-framework.git:e7f928c74cc8a3eb8e77b50f2b62e74a66c4659a): open (buildvm-ppc64le-31.iad2.fedoraproject.org) -> closed
  0 free  1 open  1 done  0 failed
  82424481 buildArch (classloader-leak-test-framework-1.1.1-18.fc36.src.rpm, noarch): free
  82424481 buildArch (classloader-leak-test-framework-1.1.1-18.fc36.src.rpm, noarch): free -> open (buildvm-ppc64le-29.iad2.fedoraproject.org)
  82424481 buildArch (classloader-leak-test-framework-1.1.1-18.fc36.src.rpm, noarch): open (buildvm-ppc64le-29.iad2.fedoraproject.org) -> FAILED: BuildError: error building package (arch noarch), mock exited with status 1; see build.log or root.log for more information
  Relevant logs:
  https://kojipkgs.fedoraproject.org/work/tasks/4481/82424481/mock_output.log
  https://kojipkgs.fedoraproject.org/work/tasks/4481/82424481/hw_info.log
  https://kojipkgs.fedoraproject.org/work/tasks/4481/82424481/state.log
  https://kojipkgs.fedoraproject.org/work/tasks/4481/82424481/build.log
  https://kojipkgs.fedoraproject.org/work/tasks/4481/82424481/root.log
  0 free  1 open  1 done  1 failed
82424360 build (f36-java17, /rpms/classloader-leak-test-framework.git:e7f928c74cc8a3eb8e77b50f2b62e74a66c4659a): open (buildvm-x86-11.iad2.fedoraproject.org) -> FAILED: BuildError: error building package (arch noarch), mock exited with status 1; see build.log or root.log for more information
  0 free  0 open  1 done  2 failed

82424360 build (f36-java17, /rpms/classloader-leak-test-framework.git:e7f928c74cc8a3eb8e77b50f2b62e74a66c4659a) failed
