Cloning into 'java-mersenne-twister'...
[rawhide b7cf315] Rebuilt for java-17-openjdk as system jdk
 1 file changed, 4 insertions(+), 1 deletion(-)
Building java-mersenne-twister-22-17.fc36 for f36-java17
Created task: 82428187
Task info: https://koji.fedoraproject.org/koji/taskinfo?taskID=82428187
Watching tasks (this may be safely interrupted)...
82428187 build (f36-java17, /rpms/java-mersenne-twister.git:b7cf315a69c4d5b245a1175920b9b70944b13bee): free
82428187 build (f36-java17, /rpms/java-mersenne-twister.git:b7cf315a69c4d5b245a1175920b9b70944b13bee): free -> open (buildhw-a64-24.iad2.fedoraproject.org)
  82428222 buildSRPMFromSCM (/rpms/java-mersenne-twister.git:b7cf315a69c4d5b245a1175920b9b70944b13bee): free
  82428222 buildSRPMFromSCM (/rpms/java-mersenne-twister.git:b7cf315a69c4d5b245a1175920b9b70944b13bee): free -> open (buildvm-ppc64le-33.iad2.fedoraproject.org)
  82428222 buildSRPMFromSCM (/rpms/java-mersenne-twister.git:b7cf315a69c4d5b245a1175920b9b70944b13bee): open (buildvm-ppc64le-33.iad2.fedoraproject.org) -> closed
  0 free  1 open  1 done  0 failed
  82428362 buildArch (java-mersenne-twister-22-17.fc36.src.rpm, noarch): open (buildvm-ppc64le-33.iad2.fedoraproject.org)
  82428362 buildArch (java-mersenne-twister-22-17.fc36.src.rpm, noarch): open (buildvm-ppc64le-33.iad2.fedoraproject.org) -> FAILED: BuildError: error building package (arch noarch), mock exited with status 1; see build.log or root.log for more information
  Relevant logs:
  https://kojipkgs.fedoraproject.org/work/tasks/8362/82428362/mock_output.log
  https://kojipkgs.fedoraproject.org/work/tasks/8362/82428362/hw_info.log
  https://kojipkgs.fedoraproject.org/work/tasks/8362/82428362/state.log
  https://kojipkgs.fedoraproject.org/work/tasks/8362/82428362/build.log
  https://kojipkgs.fedoraproject.org/work/tasks/8362/82428362/root.log
  0 free  1 open  1 done  1 failed
82428187 build (f36-java17, /rpms/java-mersenne-twister.git:b7cf315a69c4d5b245a1175920b9b70944b13bee): open (buildhw-a64-24.iad2.fedoraproject.org) -> FAILED: BuildError: error building package (arch noarch), mock exited with status 1; see build.log or root.log for more information
  0 free  0 open  1 done  2 failed

82428187 build (f36-java17, /rpms/java-mersenne-twister.git:b7cf315a69c4d5b245a1175920b9b70944b13bee) failed
