Cloning into 'maven-scm'...
[rawhide d48e4c5] Rebuilt for java-17-openjdk as system jdk
 1 file changed, 4 insertions(+), 1 deletion(-)
Building maven-scm-1.10.0-13.fc36 for f36-java17
Created task: 82431779
Task info: https://koji.fedoraproject.org/koji/taskinfo?taskID=82431779
Watching tasks (this may be safely interrupted)...
82431779 build (f36-java17, /rpms/maven-scm.git:d48e4c5d14ee42928036a7888f655642c90c8a72): free
82431779 build (f36-java17, /rpms/maven-scm.git:d48e4c5d14ee42928036a7888f655642c90c8a72): free -> open (buildvm-ppc64le-30.iad2.fedoraproject.org)
  82431781 buildSRPMFromSCM (/rpms/maven-scm.git:d48e4c5d14ee42928036a7888f655642c90c8a72): open (buildvm-ppc64le-33.iad2.fedoraproject.org)
  82431781 buildSRPMFromSCM (/rpms/maven-scm.git:d48e4c5d14ee42928036a7888f655642c90c8a72): open (buildvm-ppc64le-33.iad2.fedoraproject.org) -> closed
  0 free  1 open  1 done  0 failed
  82431826 buildArch (maven-scm-1.10.0-13.fc36.src.rpm, noarch): open (buildvm-ppc64le-06.iad2.fedoraproject.org)
  82431826 buildArch (maven-scm-1.10.0-13.fc36.src.rpm, noarch): open (buildvm-ppc64le-06.iad2.fedoraproject.org) -> FAILED: BuildError: error building package (arch noarch), mock exited with status 1; see build.log or root.log for more information
  Relevant logs:
  https://kojipkgs.fedoraproject.org/work/tasks/1826/82431826/mock_output.log
  https://kojipkgs.fedoraproject.org/work/tasks/1826/82431826/hw_info.log
  https://kojipkgs.fedoraproject.org/work/tasks/1826/82431826/state.log
  https://kojipkgs.fedoraproject.org/work/tasks/1826/82431826/build.log
  https://kojipkgs.fedoraproject.org/work/tasks/1826/82431826/root.log
  0 free  1 open  1 done  1 failed
82431779 build (f36-java17, /rpms/maven-scm.git:d48e4c5d14ee42928036a7888f655642c90c8a72): open (buildvm-ppc64le-30.iad2.fedoraproject.org) -> FAILED: BuildError: error building package (arch noarch), mock exited with status 1; see build.log or root.log for more information
  0 free  0 open  1 done  2 failed

82431779 build (f36-java17, /rpms/maven-scm.git:d48e4c5d14ee42928036a7888f655642c90c8a72) failed
