Cloning into 'serp'...
[rawhide 488fd14] Rebuilt for java-17-openjdk as system jdk
 1 file changed, 4 insertions(+), 1 deletion(-)
Building serp-1.15.2-0.18.20150412cvs.fc36 for f36-java17
Created task: 82434688
Task info: https://koji.fedoraproject.org/koji/taskinfo?taskID=82434688
Watching tasks (this may be safely interrupted)...
82434688 build (f36-java17, /rpms/serp.git:488fd1476be60ef65c68266c7878dcd48d4f5730): free
82434688 build (f36-java17, /rpms/serp.git:488fd1476be60ef65c68266c7878dcd48d4f5730): free -> open (buildvm-s390x-18.s390.fedoraproject.org)
  82434692 buildSRPMFromSCM (/rpms/serp.git:488fd1476be60ef65c68266c7878dcd48d4f5730): free
  82434692 buildSRPMFromSCM (/rpms/serp.git:488fd1476be60ef65c68266c7878dcd48d4f5730): free -> open (buildvm-x86-10.iad2.fedoraproject.org)
  82434692 buildSRPMFromSCM (/rpms/serp.git:488fd1476be60ef65c68266c7878dcd48d4f5730): open (buildvm-x86-10.iad2.fedoraproject.org) -> closed
  0 free  1 open  1 done  0 failed
  82434772 buildArch (serp-1.15.2-0.18.20150412cvs.fc36.src.rpm, noarch): free
  82434772 buildArch (serp-1.15.2-0.18.20150412cvs.fc36.src.rpm, noarch): free -> open (buildvm-a32-12.iad2.fedoraproject.org)
  82434772 buildArch (serp-1.15.2-0.18.20150412cvs.fc36.src.rpm, noarch): open (buildvm-a32-12.iad2.fedoraproject.org) -> FAILED: BuildError: error building package (arch noarch), mock exited with status 1; see build.log or root.log for more information
  Relevant logs:
  https://kojipkgs.fedoraproject.org/work/tasks/4772/82434772/mock_output.log
  https://kojipkgs.fedoraproject.org/work/tasks/4772/82434772/hw_info.log
  https://kojipkgs.fedoraproject.org/work/tasks/4772/82434772/state.log
  https://kojipkgs.fedoraproject.org/work/tasks/4772/82434772/build.log
  https://kojipkgs.fedoraproject.org/work/tasks/4772/82434772/root.log
  0 free  1 open  1 done  1 failed
82434688 build (f36-java17, /rpms/serp.git:488fd1476be60ef65c68266c7878dcd48d4f5730): open (buildvm-s390x-18.s390.fedoraproject.org) -> FAILED: BuildError: error building package (arch noarch), mock exited with status 1; see build.log or root.log for more information
  0 free  0 open  1 done  2 failed

82434688 build (f36-java17, /rpms/serp.git:488fd1476be60ef65c68266c7878dcd48d4f5730) failed
