Cloning into 'diffoscope'...
@@@@@@@@@@@@@@@@@@@@@@@@@@@@@@@@@@@@@@@@@@@@@@@@@@@@@@@@@@@
@    WARNING: REMOTE HOST IDENTIFICATION HAS CHANGED!     @
@@@@@@@@@@@@@@@@@@@@@@@@@@@@@@@@@@@@@@@@@@@@@@@@@@@@@@@@@@@
IT IS POSSIBLE THAT SOMEONE IS DOING SOMETHING NASTY!
Someone could be eavesdropping on you right now (man-in-the-middle attack)!
It is also possible that a host key has just been changed.
The fingerprint for the RSA key sent by the remote host is
SHA256:dJN0nFWBcWK7SFs2k0nnsO+XNA9+aEDY4FWO7uhxTN8.
Please contact your system administrator.
Add correct host key in /home/jvanek/.ssh/known_hosts to get rid of this message.
Offending RSA key in /home/jvanek/.ssh/known_hosts:2
Password authentication is disabled to avoid man-in-the-middle attacks.
Keyboard-interactive authentication is disabled to avoid man-in-the-middle attacks.
UpdateHostkeys is disabled because the host key is not trusted.
RPMAutoSpec usage detected, not changing the spec file.
[rawhide 44f1c9d] Rebuilt for java-25-openjdk as preffered jdk
 1 file changed, 1 insertion(+), 1 deletion(-)
Building diffoscope-300-3.fc43 for rawhide
Created task: 135449635
Task info: https://koji.fedoraproject.org/koji/taskinfo?taskID=135449635
Watching tasks (this may be safely interrupted)...
135449635 build (rawhide, /rpms/diffoscope.git:44f1c9d3b16e87f99e4b5bc0c7bc92d4ed1a294f): free
135449635 build (rawhide, /rpms/diffoscope.git:44f1c9d3b16e87f99e4b5bc0c7bc92d4ed1a294f): free -> open (buildvm-a64-23.rdu3.fedoraproject.org)
  135449636 buildSRPMFromSCM (/rpms/diffoscope.git:44f1c9d3b16e87f99e4b5bc0c7bc92d4ed1a294f): free
  135449636 buildSRPMFromSCM (/rpms/diffoscope.git:44f1c9d3b16e87f99e4b5bc0c7bc92d4ed1a294f): free -> assigned (buildvm-ppc64le-07.rdu3.fedoraproject.org)
  135449636 buildSRPMFromSCM (/rpms/diffoscope.git:44f1c9d3b16e87f99e4b5bc0c7bc92d4ed1a294f): assigned (buildvm-ppc64le-07.rdu3.fedoraproject.org) -> open (buildvm-ppc64le-07.rdu3.fedoraproject.org)
  135449636 buildSRPMFromSCM (/rpms/diffoscope.git:44f1c9d3b16e87f99e4b5bc0c7bc92d4ed1a294f): open (buildvm-ppc64le-07.rdu3.fedoraproject.org) -> closed
  0 free  1 open  1 done  0 failed
  135450884 buildArch (diffoscope-300-3.fc43.src.rpm, aarch64): free
  135450886 buildArch (diffoscope-300-3.fc43.src.rpm, s390x): free
  135450883 buildArch (diffoscope-300-3.fc43.src.rpm, x86_64): free
  135450885 buildArch (diffoscope-300-3.fc43.src.rpm, ppc64le): free
  135450884 buildArch (diffoscope-300-3.fc43.src.rpm, aarch64): free -> assigned (buildvm-a64-27.rdu3.fedoraproject.org)
  135450883 buildArch (diffoscope-300-3.fc43.src.rpm, x86_64): free -> assigned (buildhw-x86-13.rdu3.fedoraproject.org)
  135450883 buildArch (diffoscope-300-3.fc43.src.rpm, x86_64): assigned (buildhw-x86-13.rdu3.fedoraproject.org) -> open (buildhw-x86-13.rdu3.fedoraproject.org)
  135450884 buildArch (diffoscope-300-3.fc43.src.rpm, aarch64): assigned (buildvm-a64-27.rdu3.fedoraproject.org) -> open (buildvm-a64-27.rdu3.fedoraproject.org)
  135450885 buildArch (diffoscope-300-3.fc43.src.rpm, ppc64le): free -> assigned (buildvm-ppc64le-07.rdu3.fedoraproject.org)
  135450885 buildArch (diffoscope-300-3.fc43.src.rpm, ppc64le): assigned (buildvm-ppc64le-07.rdu3.fedoraproject.org) -> open (buildvm-ppc64le-07.rdu3.fedoraproject.org)
  135450883 buildArch (diffoscope-300-3.fc43.src.rpm, x86_64): open (buildhw-x86-13.rdu3.fedoraproject.org) -> FAILED: BuildError: error building package (arch x86_64), mock exited with status 1; see build.log or root.log for more information
  Relevant logs:
  https://kojipkgs.fedoraproject.org/work/tasks/883/135450883/mock_config.log
  https://kojipkgs.fedoraproject.org/work/tasks/883/135450883/state.log
  https://kojipkgs.fedoraproject.org/work/tasks/883/135450883/build.log
  https://kojipkgs.fedoraproject.org/work/tasks/883/135450883/root.log
  https://kojipkgs.fedoraproject.org/work/tasks/883/135450883/mock_output.log
  https://kojipkgs.fedoraproject.org/work/tasks/883/135450883/hw_info.log
  https://kojipkgs.fedoraproject.org/work/tasks/883/135450883/dnf5.log
  1 free  3 open  1 done  1 failed
135449635 build (rawhide, /rpms/diffoscope.git:44f1c9d3b16e87f99e4b5bc0c7bc92d4ed1a294f): open (buildvm-a64-23.rdu3.fedoraproject.org) -> FAILED: BuildError: error building package (arch x86_64), mock exited with status 1; see build.log or root.log for more information
  1 free  2 open  1 done  2 failed
  135450884 buildArch (diffoscope-300-3.fc43.src.rpm, aarch64): open (buildvm-a64-27.rdu3.fedoraproject.org) -> canceled
  1 free  1 open  2 done  2 failed
  135450886 buildArch (diffoscope-300-3.fc43.src.rpm, s390x): free -> canceled
  0 free  1 open  3 done  2 failed
  135450885 buildArch (diffoscope-300-3.fc43.src.rpm, ppc64le): open (buildvm-ppc64le-07.rdu3.fedoraproject.org) -> canceled
  0 free  0 open  4 done  2 failed


build (rawhide, /rpms/) failed
