Cloning into 'java-gnome'...
[rawhide e9c0af5] Rebuilt for java-17-openjdk as system jdk
 1 file changed, 4 insertions(+), 1 deletion(-)
Building java-gnome-4.1.3-30.fc36 for f36-java17
Created task: 82428137
Task info: https://koji.fedoraproject.org/koji/taskinfo?taskID=82428137
Watching tasks (this may be safely interrupted)...
82428137 build (f36-java17, /rpms/java-gnome.git:e9c0af511b6ef1297dcf954502399fab886cffda): free
82428137 build (f36-java17, /rpms/java-gnome.git:e9c0af511b6ef1297dcf954502399fab886cffda): free -> open (buildhw-x86-12.iad2.fedoraproject.org)
  82428140 buildSRPMFromSCM (/rpms/java-gnome.git:e9c0af511b6ef1297dcf954502399fab886cffda): free
  82428140 buildSRPMFromSCM (/rpms/java-gnome.git:e9c0af511b6ef1297dcf954502399fab886cffda): free -> open (buildvm-x86-11.iad2.fedoraproject.org)
  82428140 buildSRPMFromSCM (/rpms/java-gnome.git:e9c0af511b6ef1297dcf954502399fab886cffda): open (buildvm-x86-11.iad2.fedoraproject.org) -> closed
  0 free  1 open  1 done  0 failed
  82428266 buildArch (java-gnome-4.1.3-30.fc36.src.rpm, x86_64): open (buildvm-x86-10.iad2.fedoraproject.org)
  82428264 buildArch (java-gnome-4.1.3-30.fc36.src.rpm, armv7hl): open (buildvm-a32-15.iad2.fedoraproject.org)
  82428265 buildArch (java-gnome-4.1.3-30.fc36.src.rpm, i686): open (buildvm-x86-30.iad2.fedoraproject.org)
  82428267 buildArch (java-gnome-4.1.3-30.fc36.src.rpm, aarch64): open (buildvm-a64-33.iad2.fedoraproject.org)
  82428269 buildArch (java-gnome-4.1.3-30.fc36.src.rpm, s390x): open (buildvm-s390x-29.s390.fedoraproject.org)
  82428268 buildArch (java-gnome-4.1.3-30.fc36.src.rpm, ppc64le): free
  82428268 buildArch (java-gnome-4.1.3-30.fc36.src.rpm, ppc64le): free -> open (buildvm-ppc64le-31.iad2.fedoraproject.org)
  82428266 buildArch (java-gnome-4.1.3-30.fc36.src.rpm, x86_64): open (buildvm-x86-10.iad2.fedoraproject.org) -> FAILED: BuildError: error building package (arch x86_64), mock exited with status 1; see build.log or root.log for more information
  Relevant logs:
  https://kojipkgs.fedoraproject.org/work/tasks/8266/82428266/mock_output.log
  https://kojipkgs.fedoraproject.org/work/tasks/8266/82428266/hw_info.log
  https://kojipkgs.fedoraproject.org/work/tasks/8266/82428266/state.log
  https://kojipkgs.fedoraproject.org/work/tasks/8266/82428266/build.log
  https://kojipkgs.fedoraproject.org/work/tasks/8266/82428266/root.log
  0 free  6 open  1 done  1 failed
  82428269 buildArch (java-gnome-4.1.3-30.fc36.src.rpm, s390x): open (buildvm-s390x-29.s390.fedoraproject.org) -> FAILED: BuildError: error building package (arch s390x), mock exited with status 1; see build.log or root.log for more information
  Relevant logs:
  https://kojipkgs.fedoraproject.org/work/tasks/8269/82428269/mock_output.log
  https://kojipkgs.fedoraproject.org/work/tasks/8269/82428269/hw_info.log
  https://kojipkgs.fedoraproject.org/work/tasks/8269/82428269/state.log
  https://kojipkgs.fedoraproject.org/work/tasks/8269/82428269/build.log
  https://kojipkgs.fedoraproject.org/work/tasks/8269/82428269/root.log
  0 free  5 open  1 done  2 failed
82428137 build (f36-java17, /rpms/java-gnome.git:e9c0af511b6ef1297dcf954502399fab886cffda): open (buildhw-x86-12.iad2.fedoraproject.org) -> FAILED: BuildError: error building package (arch x86_64), mock exited with status 1; see build.log or root.log for more information
  0 free  4 open  1 done  3 failed
  82428264 buildArch (java-gnome-4.1.3-30.fc36.src.rpm, armv7hl): open (buildvm-a32-15.iad2.fedoraproject.org) -> canceled
  0 free  3 open  2 done  3 failed
  82428265 buildArch (java-gnome-4.1.3-30.fc36.src.rpm, i686): open (buildvm-x86-30.iad2.fedoraproject.org) -> canceled
  0 free  2 open  3 done  3 failed
  82428267 buildArch (java-gnome-4.1.3-30.fc36.src.rpm, aarch64): open (buildvm-a64-33.iad2.fedoraproject.org) -> canceled
  0 free  1 open  4 done  3 failed
  82428268 buildArch (java-gnome-4.1.3-30.fc36.src.rpm, ppc64le): open (buildvm-ppc64le-31.iad2.fedoraproject.org) -> canceled
  0 free  0 open  5 done  3 failed

82428137 build (f36-java17, /rpms/java-gnome.git:e9c0af511b6ef1297dcf954502399fab886cffda) failed
