Cloning into 'jdependency'...
[rawhide f725bc1] Rebuilt for java-21-openjdk as system jdk
 1 file changed, 4 insertions(+), 1 deletion(-)
Building jdependency-2.8.0-7.fc41 for f41-build-side-84507
Created task: 114135836
Task info: https://koji.fedoraproject.org/koji/taskinfo?taskID=114135836
Watching tasks (this may be safely interrupted)...
114135836 build (f41-build-side-84507, /rpms/jdependency.git:f725bc1221f3b9a266751800e2e2c53d236908d8): free
114135836 build (f41-build-side-84507, /rpms/jdependency.git:f725bc1221f3b9a266751800e2e2c53d236908d8): free -> open (buildvm-a64-36.iad2.fedoraproject.org)
  114135855 buildSRPMFromSCM (/rpms/jdependency.git:f725bc1221f3b9a266751800e2e2c53d236908d8): free
  114135855 buildSRPMFromSCM (/rpms/jdependency.git:f725bc1221f3b9a266751800e2e2c53d236908d8): free -> open (buildvm-a64-26.iad2.fedoraproject.org)
  114135951 buildArch (jdependency-2.8.0-7.fc41.src.rpm, noarch): free
  114135855 buildSRPMFromSCM (/rpms/jdependency.git:f725bc1221f3b9a266751800e2e2c53d236908d8): open (buildvm-a64-26.iad2.fedoraproject.org) -> closed
  1 free  1 open  1 done  0 failed
  114135951 buildArch (jdependency-2.8.0-7.fc41.src.rpm, noarch): free -> open (buildvm-s390x-07.s390.fedoraproject.org)
  114135951 buildArch (jdependency-2.8.0-7.fc41.src.rpm, noarch): open (buildvm-s390x-07.s390.fedoraproject.org) -> FAILED: BuildError: error building package (arch noarch), mock exited with status 1; see build.log or root.log for more information
  Relevant logs:
  https://kojipkgs.fedoraproject.org/work/tasks/5951/114135951/mock_output.log
  https://kojipkgs.fedoraproject.org/work/tasks/5951/114135951/state.log
  https://kojipkgs.fedoraproject.org/work/tasks/5951/114135951/build.log
  https://kojipkgs.fedoraproject.org/work/tasks/5951/114135951/root.log
  https://kojipkgs.fedoraproject.org/work/tasks/5951/114135951/hw_info.log
  0 free  1 open  1 done  1 failed
114135836 build (f41-build-side-84507, /rpms/jdependency.git:f725bc1221f3b9a266751800e2e2c53d236908d8): open (buildvm-a64-36.iad2.fedoraproject.org) -> FAILED: BuildError: error building package (arch noarch), mock exited with status 1; see build.log or root.log for more information
  0 free  0 open  1 done  2 failed

114135836 build (f41-build-side-84507, /rpms/jdependency.git:f725bc1221f3b9a266751800e2e2c53d236908d8) failed
