Cloning into 'jnr-posix'...
[rawhide 5357a76] Rebuilt for java-17-openjdk as system jdk
 1 file changed, 4 insertions(+), 1 deletion(-)
Building jnr-posix-3.0.47-11.fc36 for f36-java17
Created task: 82429796
Task info: https://koji.fedoraproject.org/koji/taskinfo?taskID=82429796
Watching tasks (this may be safely interrupted)...
82429796 build (f36-java17, /rpms/jnr-posix.git:5357a76606ef639c0d232b2e9c8861f2dec0c37e): free
82429796 build (f36-java17, /rpms/jnr-posix.git:5357a76606ef639c0d232b2e9c8861f2dec0c37e): free -> open (buildvm-a32-15.iad2.fedoraproject.org)
  82429800 buildSRPMFromSCM (/rpms/jnr-posix.git:5357a76606ef639c0d232b2e9c8861f2dec0c37e): free
  82429800 buildSRPMFromSCM (/rpms/jnr-posix.git:5357a76606ef639c0d232b2e9c8861f2dec0c37e): free -> open (buildvm-ppc64le-07.iad2.fedoraproject.org)
  82429800 buildSRPMFromSCM (/rpms/jnr-posix.git:5357a76606ef639c0d232b2e9c8861f2dec0c37e): open (buildvm-ppc64le-07.iad2.fedoraproject.org) -> closed
  0 free  1 open  1 done  0 failed
  82429886 buildArch (jnr-posix-3.0.47-11.fc36.src.rpm, noarch): free
  82429886 buildArch (jnr-posix-3.0.47-11.fc36.src.rpm, noarch): free -> open (buildvm-ppc64le-38.iad2.fedoraproject.org)
  82429886 buildArch (jnr-posix-3.0.47-11.fc36.src.rpm, noarch): open (buildvm-ppc64le-38.iad2.fedoraproject.org) -> FAILED: BuildError: error building package (arch noarch), mock exited with status 1; see build.log or root.log for more information
  Relevant logs:
  https://kojipkgs.fedoraproject.org/work/tasks/9886/82429886/mock_output.log
  https://kojipkgs.fedoraproject.org/work/tasks/9886/82429886/hw_info.log
  https://kojipkgs.fedoraproject.org/work/tasks/9886/82429886/state.log
  https://kojipkgs.fedoraproject.org/work/tasks/9886/82429886/build.log
  https://kojipkgs.fedoraproject.org/work/tasks/9886/82429886/root.log
  0 free  1 open  1 done  1 failed
82429796 build (f36-java17, /rpms/jnr-posix.git:5357a76606ef639c0d232b2e9c8861f2dec0c37e): open (buildvm-a32-15.iad2.fedoraproject.org) -> FAILED: BuildError: error building package (arch noarch), mock exited with status 1; see build.log or root.log for more information
  0 free  0 open  1 done  2 failed

82429796 build (f36-java17, /rpms/jnr-posix.git:5357a76606ef639c0d232b2e9c8861f2dec0c37e) failed
