Cloning into 'jss'...
@@@@@@@@@@@@@@@@@@@@@@@@@@@@@@@@@@@@@@@@@@@@@@@@@@@@@@@@@@@
@    WARNING: REMOTE HOST IDENTIFICATION HAS CHANGED!     @
@@@@@@@@@@@@@@@@@@@@@@@@@@@@@@@@@@@@@@@@@@@@@@@@@@@@@@@@@@@
IT IS POSSIBLE THAT SOMEONE IS DOING SOMETHING NASTY!
Someone could be eavesdropping on you right now (man-in-the-middle attack)!
It is also possible that a host key has just been changed.
The fingerprint for the RSA key sent by the remote host is
SHA256:dJN0nFWBcWK7SFs2k0nnsO+XNA9+aEDY4FWO7uhxTN8.
Please contact your system administrator.
Add correct host key in /home/jvanek/.ssh/known_hosts to get rid of this message.
Offending RSA key in /home/jvanek/.ssh/known_hosts:2
Password authentication is disabled to avoid man-in-the-middle attacks.
Keyboard-interactive authentication is disabled to avoid man-in-the-middle attacks.
UpdateHostkeys is disabled because the host key is not trusted.
[rawhide 574fd44] Rrevert to jdk21
 1 file changed, 4 insertions(+), 1 deletion(-)
Building jss-5.8.0-0.3.beta3.fc43.3 for rawhide
Created task: 135483278
Task info: https://koji.fedoraproject.org/koji/taskinfo?taskID=135483278
Watching tasks (this may be safely interrupted)...
135483278 build (rawhide, /rpms/jss.git:574fd4442eaedad7bbf56137edeb22ede75671d1): free
135483278 build (rawhide, /rpms/jss.git:574fd4442eaedad7bbf56137edeb22ede75671d1): free -> assigned (buildvm-a64-27.rdu3.fedoraproject.org)
135483278 build (rawhide, /rpms/jss.git:574fd4442eaedad7bbf56137edeb22ede75671d1): assigned (buildvm-a64-27.rdu3.fedoraproject.org) -> open (buildvm-a64-27.rdu3.fedoraproject.org)
  135483317 buildSRPMFromSCM (/rpms/jss.git:574fd4442eaedad7bbf56137edeb22ede75671d1): free
  135483317 buildSRPMFromSCM (/rpms/jss.git:574fd4442eaedad7bbf56137edeb22ede75671d1): free -> open (buildvm-x86-19.rdu3.fedoraproject.org)
  135483317 buildSRPMFromSCM (/rpms/jss.git:574fd4442eaedad7bbf56137edeb22ede75671d1): open (buildvm-x86-19.rdu3.fedoraproject.org) -> closed
  0 free  1 open  1 done  0 failed
  135483402 buildArch (jss-5.8.0-0.3.beta3.fc43.3.src.rpm, aarch64): free
  135483404 buildArch (jss-5.8.0-0.3.beta3.fc43.3.src.rpm, s390x): free
  135483401 buildArch (jss-5.8.0-0.3.beta3.fc43.3.src.rpm, x86_64): free
  135483403 buildArch (jss-5.8.0-0.3.beta3.fc43.3.src.rpm, ppc64le): free
  135483402 buildArch (jss-5.8.0-0.3.beta3.fc43.3.src.rpm, aarch64): free -> open (buildvm-a64-09.rdu3.fedoraproject.org)
  135483404 buildArch (jss-5.8.0-0.3.beta3.fc43.3.src.rpm, s390x): free -> open (buildvm-s390x-07.s390.fedoraproject.org)
  135483401 buildArch (jss-5.8.0-0.3.beta3.fc43.3.src.rpm, x86_64): free -> assigned (buildhw-x86-13.rdu3.fedoraproject.org)
  135483403 buildArch (jss-5.8.0-0.3.beta3.fc43.3.src.rpm, ppc64le): free -> assigned (buildvm-ppc64le-12.rdu3.fedoraproject.org)
  135483401 buildArch (jss-5.8.0-0.3.beta3.fc43.3.src.rpm, x86_64): assigned (buildhw-x86-13.rdu3.fedoraproject.org) -> open (buildhw-x86-13.rdu3.fedoraproject.org)
  135483403 buildArch (jss-5.8.0-0.3.beta3.fc43.3.src.rpm, ppc64le): assigned (buildvm-ppc64le-12.rdu3.fedoraproject.org) -> open (buildvm-ppc64le-12.rdu3.fedoraproject.org)
  135483404 buildArch (jss-5.8.0-0.3.beta3.fc43.3.src.rpm, s390x): open (buildvm-s390x-07.s390.fedoraproject.org) -> FAILED: BuildError: error building package (arch s390x), mock exited with status 30; see root.log for more information
  Relevant logs:
  https://kojipkgs.fedoraproject.org/work/tasks/3404/135483404/mock_config.log
  https://kojipkgs.fedoraproject.org/work/tasks/3404/135483404/state.log
  https://kojipkgs.fedoraproject.org/work/tasks/3404/135483404/build.log
  https://kojipkgs.fedoraproject.org/work/tasks/3404/135483404/root.log
  https://kojipkgs.fedoraproject.org/work/tasks/3404/135483404/mock_output.log
  https://kojipkgs.fedoraproject.org/work/tasks/3404/135483404/hw_info.log
  https://kojipkgs.fedoraproject.org/work/tasks/3404/135483404/dnf5.log
  0 free  4 open  1 done  1 failed
135483278 build (rawhide, /rpms/jss.git:574fd4442eaedad7bbf56137edeb22ede75671d1): open (buildvm-a64-27.rdu3.fedoraproject.org) -> FAILED: BuildError: error building package (arch s390x), mock exited with status 30; see root.log for more information
  0 free  3 open  1 done  2 failed
  135483402 buildArch (jss-5.8.0-0.3.beta3.fc43.3.src.rpm, aarch64): open (buildvm-a64-09.rdu3.fedoraproject.org) -> canceled
  0 free  2 open  2 done  2 failed
  135483401 buildArch (jss-5.8.0-0.3.beta3.fc43.3.src.rpm, x86_64): open (buildhw-x86-13.rdu3.fedoraproject.org) -> canceled
  0 free  1 open  3 done  2 failed
  135483403 buildArch (jss-5.8.0-0.3.beta3.fc43.3.src.rpm, ppc64le): open (buildvm-ppc64le-12.rdu3.fedoraproject.org) -> canceled
  0 free  0 open  4 done  2 failed

135483278 build (rawhide, /rpms/jss.git:574fd4442eaedad7bbf56137edeb22ede75671d1) failed
