Cloning into 'maven-script-interpreter'...
[rawhide 03d3fa3] Rebuilt for java-21-openjdk as system jdk
 1 file changed, 4 insertions(+), 1 deletion(-)
Building maven-script-interpreter-1.3-8.fc41 for f41-build-side-84507
Created task: 114137755
Task info: https://koji.fedoraproject.org/koji/taskinfo?taskID=114137755
Watching tasks (this may be safely interrupted)...
114137755 build (f41-build-side-84507, /rpms/maven-script-interpreter.git:03d3fa3ee83cdff62f313ef2e31e9f1fcf218a3b): free
114137755 build (f41-build-side-84507, /rpms/maven-script-interpreter.git:03d3fa3ee83cdff62f313ef2e31e9f1fcf218a3b): free -> assigned
114137755 build (f41-build-side-84507, /rpms/maven-script-interpreter.git:03d3fa3ee83cdff62f313ef2e31e9f1fcf218a3b): assigned -> open (buildhw-x86-11.iad2.fedoraproject.org)
  114137766 buildSRPMFromSCM (/rpms/maven-script-interpreter.git:03d3fa3ee83cdff62f313ef2e31e9f1fcf218a3b): free
  114137766 buildSRPMFromSCM (/rpms/maven-script-interpreter.git:03d3fa3ee83cdff62f313ef2e31e9f1fcf218a3b): free -> assigned
  114137766 buildSRPMFromSCM (/rpms/maven-script-interpreter.git:03d3fa3ee83cdff62f313ef2e31e9f1fcf218a3b): assigned -> open (buildvm-a64-11.iad2.fedoraproject.org)
  114137766 buildSRPMFromSCM (/rpms/maven-script-interpreter.git:03d3fa3ee83cdff62f313ef2e31e9f1fcf218a3b): open (buildvm-a64-11.iad2.fedoraproject.org) -> closed
  0 free  1 open  1 done  0 failed
  114137860 buildArch (maven-script-interpreter-1.3-8.fc41.src.rpm, noarch): free
  114137860 buildArch (maven-script-interpreter-1.3-8.fc41.src.rpm, noarch): free -> open (buildvm-a64-36.iad2.fedoraproject.org)
  114137860 buildArch (maven-script-interpreter-1.3-8.fc41.src.rpm, noarch): open (buildvm-a64-36.iad2.fedoraproject.org) -> FAILED: BuildError: error building package (arch noarch), mock exited with status 1; see build.log or root.log for more information
  Relevant logs:
  https://kojipkgs.fedoraproject.org/work/tasks/7860/114137860/state.log
  https://kojipkgs.fedoraproject.org/work/tasks/7860/114137860/build.log
  https://kojipkgs.fedoraproject.org/work/tasks/7860/114137860/root.log
  https://kojipkgs.fedoraproject.org/work/tasks/7860/114137860/mock_output.log
  https://kojipkgs.fedoraproject.org/work/tasks/7860/114137860/hw_info.log
  0 free  1 open  1 done  1 failed
114137755 build (f41-build-side-84507, /rpms/maven-script-interpreter.git:03d3fa3ee83cdff62f313ef2e31e9f1fcf218a3b): open (buildhw-x86-11.iad2.fedoraproject.org) -> FAILED: BuildError: error building package (arch noarch), mock exited with status 1; see build.log or root.log for more information
  0 free  0 open  1 done  2 failed

114137755 build (f41-build-side-84507, /rpms/maven-script-interpreter.git:03d3fa3ee83cdff62f313ef2e31e9f1fcf218a3b) failed
