Cloning into 'nom-tam-fits'...
[rawhide 540edae] Rebuilt for java-17-openjdk as system jdk
 1 file changed, 4 insertions(+), 1 deletion(-)
Building nom-tam-fits-1.15.2-10.fc36 for f36-java17
Created task: 82432297
Task info: https://koji.fedoraproject.org/koji/taskinfo?taskID=82432297
Watching tasks (this may be safely interrupted)...
82432297 build (f36-java17, /rpms/nom-tam-fits.git:540edae017a66854d45866d1ba719ab5b19d5094): free
82432297 build (f36-java17, /rpms/nom-tam-fits.git:540edae017a66854d45866d1ba719ab5b19d5094): free -> open (buildvm-ppc64le-09.iad2.fedoraproject.org)
  82432298 buildSRPMFromSCM (/rpms/nom-tam-fits.git:540edae017a66854d45866d1ba719ab5b19d5094): open (buildvm-ppc64le-09.iad2.fedoraproject.org)
  82432298 buildSRPMFromSCM (/rpms/nom-tam-fits.git:540edae017a66854d45866d1ba719ab5b19d5094): open (buildvm-ppc64le-09.iad2.fedoraproject.org) -> closed
  0 free  1 open  1 done  0 failed
  82432412 buildArch (nom-tam-fits-1.15.2-10.fc36.src.rpm, noarch): free
  82432412 buildArch (nom-tam-fits-1.15.2-10.fc36.src.rpm, noarch): free -> open (buildvm-ppc64le-20.iad2.fedoraproject.org)
  82432412 buildArch (nom-tam-fits-1.15.2-10.fc36.src.rpm, noarch): open (buildvm-ppc64le-20.iad2.fedoraproject.org) -> FAILED: BuildError: error building package (arch noarch), mock exited with status 1; see build.log or root.log for more information
  Relevant logs:
  https://kojipkgs.fedoraproject.org/work/tasks/2412/82432412/mock_output.log
  https://kojipkgs.fedoraproject.org/work/tasks/2412/82432412/hw_info.log
  https://kojipkgs.fedoraproject.org/work/tasks/2412/82432412/state.log
  https://kojipkgs.fedoraproject.org/work/tasks/2412/82432412/build.log
  https://kojipkgs.fedoraproject.org/work/tasks/2412/82432412/root.log
  0 free  1 open  1 done  1 failed
82432297 build (f36-java17, /rpms/nom-tam-fits.git:540edae017a66854d45866d1ba719ab5b19d5094): open (buildvm-ppc64le-09.iad2.fedoraproject.org) -> FAILED: BuildError: error building package (arch noarch), mock exited with status 1; see build.log or root.log for more information
  0 free  0 open  1 done  2 failed

82432297 build (f36-java17, /rpms/nom-tam-fits.git:540edae017a66854d45866d1ba719ab5b19d5094) failed
