Cloning into 'plexus-velocity'...
@@@@@@@@@@@@@@@@@@@@@@@@@@@@@@@@@@@@@@@@@@@@@@@@@@@@@@@@@@@
@    WARNING: REMOTE HOST IDENTIFICATION HAS CHANGED!     @
@@@@@@@@@@@@@@@@@@@@@@@@@@@@@@@@@@@@@@@@@@@@@@@@@@@@@@@@@@@
IT IS POSSIBLE THAT SOMEONE IS DOING SOMETHING NASTY!
Someone could be eavesdropping on you right now (man-in-the-middle attack)!
It is also possible that a host key has just been changed.
The fingerprint for the RSA key sent by the remote host is
SHA256:dJN0nFWBcWK7SFs2k0nnsO+XNA9+aEDY4FWO7uhxTN8.
Please contact your system administrator.
Add correct host key in /home/jvanek/.ssh/known_hosts to get rid of this message.
Offending RSA key in /home/jvanek/.ssh/known_hosts:2
Password authentication is disabled to avoid man-in-the-middle attacks.
Keyboard-interactive authentication is disabled to avoid man-in-the-middle attacks.
UpdateHostkeys is disabled because the host key is not trusted.
[rawhide 578c00a] Rrevert to jdk21
 1 file changed, 5 insertions(+), 2 deletions(-)
Building plexus-velocity-2.0-12.fc43 for rawhide
Created task: 135483379
Task info: https://koji.fedoraproject.org/koji/taskinfo?taskID=135483379
Watching tasks (this may be safely interrupted)...
135483379 build (rawhide, /rpms/plexus-velocity.git:578c00a7796790a56ac6fe95eea176cea4eb9a3b): free
135483379 build (rawhide, /rpms/plexus-velocity.git:578c00a7796790a56ac6fe95eea176cea4eb9a3b): free -> assigned (buildvm-x86-30.rdu3.fedoraproject.org)
135483379 build (rawhide, /rpms/plexus-velocity.git:578c00a7796790a56ac6fe95eea176cea4eb9a3b): assigned (buildvm-x86-30.rdu3.fedoraproject.org) -> open (buildvm-x86-30.rdu3.fedoraproject.org)
  135483409 waitrepo (f43-build, ): free
  135483409 waitrepo (f43-build, ): free -> assigned (buildvm-a64-44.rdu3.fedoraproject.org)
  135483409 waitrepo (f43-build, ): assigned (buildvm-a64-44.rdu3.fedoraproject.org) -> open (buildvm-a64-44.rdu3.fedoraproject.org)
  135483409 waitrepo (f43-build, ): open (buildvm-a64-44.rdu3.fedoraproject.org) -> closed
  0 free  1 open  1 done  0 failed
  135483530 buildSRPMFromSCM (/rpms/plexus-velocity.git:578c00a7796790a56ac6fe95eea176cea4eb9a3b): free
  135483530 buildSRPMFromSCM (/rpms/plexus-velocity.git:578c00a7796790a56ac6fe95eea176cea4eb9a3b): free -> assigned (buildvm-s390x-10.s390.fedoraproject.org)
  135483530 buildSRPMFromSCM (/rpms/plexus-velocity.git:578c00a7796790a56ac6fe95eea176cea4eb9a3b): assigned (buildvm-s390x-10.s390.fedoraproject.org) -> open (buildvm-s390x-10.s390.fedoraproject.org)
  135483530 buildSRPMFromSCM (/rpms/plexus-velocity.git:578c00a7796790a56ac6fe95eea176cea4eb9a3b): open (buildvm-s390x-10.s390.fedoraproject.org) -> closed
  0 free  1 open  2 done  0 failed
  135483625 buildArch (plexus-velocity-2.0-12.fc43.src.rpm, noarch): free
  135483625 buildArch (plexus-velocity-2.0-12.fc43.src.rpm, noarch): free -> assigned (buildvm-ppc64le-09.rdu3.fedoraproject.org)
  135483625 buildArch (plexus-velocity-2.0-12.fc43.src.rpm, noarch): assigned (buildvm-ppc64le-09.rdu3.fedoraproject.org) -> open (buildvm-ppc64le-09.rdu3.fedoraproject.org)
  135483625 buildArch (plexus-velocity-2.0-12.fc43.src.rpm, noarch): open (buildvm-ppc64le-09.rdu3.fedoraproject.org) -> FAILED: BuildError: error building package (arch noarch), mock exited with status 1; see build.log or root.log for more information
  Relevant logs:
  https://kojipkgs.fedoraproject.org/work/tasks/3625/135483625/mock_config.log
  https://kojipkgs.fedoraproject.org/work/tasks/3625/135483625/state.log
  https://kojipkgs.fedoraproject.org/work/tasks/3625/135483625/build.log
  https://kojipkgs.fedoraproject.org/work/tasks/3625/135483625/root.log
  https://kojipkgs.fedoraproject.org/work/tasks/3625/135483625/mock_output.log
  https://kojipkgs.fedoraproject.org/work/tasks/3625/135483625/hw_info.log
  https://kojipkgs.fedoraproject.org/work/tasks/3625/135483625/dnf5.log
  0 free  1 open  2 done  1 failed
135483379 build (rawhide, /rpms/plexus-velocity.git:578c00a7796790a56ac6fe95eea176cea4eb9a3b): open (buildvm-x86-30.rdu3.fedoraproject.org) -> FAILED: BuildError: error building package (arch noarch), mock exited with status 1; see build.log or root.log for more information
  0 free  0 open  2 done  2 failed

135483379 build (rawhide, /rpms/plexus-velocity.git:578c00a7796790a56ac6fe95eea176cea4eb9a3b) failed
