Cloning into 'uom-parent'...
[rawhide e71cae8] Rebuilt for java-17-openjdk as system jdk
 1 file changed, 4 insertions(+), 1 deletion(-)
Building uom-parent-1.0.3-13.fc36 for f36-java17
Created task: 82435226
Task info: https://koji.fedoraproject.org/koji/taskinfo?taskID=82435226
Watching tasks (this may be safely interrupted)...
82435226 build (f36-java17, /rpms/uom-parent.git:e71cae85503929c965c03431e695a4b5ea0f39b3): free
82435226 build (f36-java17, /rpms/uom-parent.git:e71cae85503929c965c03431e695a4b5ea0f39b3): free -> open (buildvm-x86-15.iad2.fedoraproject.org)
  82435229 buildSRPMFromSCM (/rpms/uom-parent.git:e71cae85503929c965c03431e695a4b5ea0f39b3): free
  82435229 buildSRPMFromSCM (/rpms/uom-parent.git:e71cae85503929c965c03431e695a4b5ea0f39b3): free -> open (buildvm-x86-18.iad2.fedoraproject.org)
  82435229 buildSRPMFromSCM (/rpms/uom-parent.git:e71cae85503929c965c03431e695a4b5ea0f39b3): open (buildvm-x86-18.iad2.fedoraproject.org) -> closed
  0 free  1 open  1 done  0 failed
  82435287 buildArch (uom-parent-1.0.3-13.fc36.src.rpm, noarch): open (buildvm-ppc64le-39.iad2.fedoraproject.org)
  82435287 buildArch (uom-parent-1.0.3-13.fc36.src.rpm, noarch): open (buildvm-ppc64le-39.iad2.fedoraproject.org) -> FAILED: BuildError: error building package (arch noarch), mock exited with status 30; see root.log for more information
  Relevant logs:
  https://kojipkgs.fedoraproject.org/work/tasks/5287/82435287/mock_output.log
  https://kojipkgs.fedoraproject.org/work/tasks/5287/82435287/hw_info.log
  https://kojipkgs.fedoraproject.org/work/tasks/5287/82435287/state.log
  https://kojipkgs.fedoraproject.org/work/tasks/5287/82435287/build.log
  https://kojipkgs.fedoraproject.org/work/tasks/5287/82435287/root.log
  0 free  1 open  1 done  1 failed
82435226 build (f36-java17, /rpms/uom-parent.git:e71cae85503929c965c03431e695a4b5ea0f39b3): open (buildvm-x86-15.iad2.fedoraproject.org) -> FAILED: BuildError: error building package (arch noarch), mock exited with status 30; see root.log for more information
  0 free  0 open  1 done  2 failed

82435226 build (f36-java17, /rpms/uom-parent.git:e71cae85503929c965c03431e695a4b5ea0f39b3) failed
